<?xml version="1.0" encoding="UTF-8"?>
<testsuite xmlns:xsi="http://www.w3.org/2001/XMLSchema-instance" xsi:noNamespaceSchemaLocation="https://maven.apache.org/surefire/maven-surefire-plugin/xsd/surefire-test-report.xsd" name="BonusServiceTest" time="0.092" tests="3" errors="0" skipped="0" failures="1">
  <properties>
[...]
</properties>
  <testcase name="shouldCalculateForUnregisteredAndOverLimit" classname="BonusServiceTest" time="0.069">
    <failure message="expected: &lt;500&gt; but was: &lt;10&gt;" type="org.opentest4j.AssertionFailedError"><![CDATA[org.opentest4j.AssertionFailedError: expected: <500> but was: <10>
	at BonusServiceTest.shouldCalculateForUnregisteredAndOverLimit(BonusServiceTest.java:50)
]]></failure>
  </testcase>
  <testcase name="shouldCalculateForRegisteredAndOverLimit" classname="BonusServiceTest" time="0.002"/>
  <testcase name="shouldCalculateForRegisteredAndUnderLimit" classname="BonusServiceTest" time="0.003"/>
</testsuite>